<?xml version="1.0" encoding="UTF-8"?>
<!-- Generated by org.testng.reporters.JUnitReportReporter -->
<testsuite hostname="LM-SJC-11018021" failures="0" tests="1" name="test.testAPI.testHttpBin" time="0.954" errors="0" timestamp="11 Dec 2019 04:17:19 GMT" skipped="0">
  <testcase classname="test.testAPI.testHttpBin" name="testUpdate" time="0.954"/>
</testsuite> <!-- test.testAPI.testHttpBin -->
