<?xml version="1.0" encoding="UTF-8"?>
<!-- Generated by org.testng.reporters.JUnitReportReporter -->
<testsuite hostname="LM-SJC-11018021" failures="0" tests="1" name="test.testAPI.testAPI1stCases" time="1.539" errors="0" timestamp="06 Dec 2019 19:30:19 GMT" skipped="0">
  <testcase classname="test.testAPI.testAPI1stCases" name="testSendOffer" time="1.539"/>
</testsuite> <!-- test.testAPI.testAPI1stCases -->
